<?xml version="1.0" encoding="UTF-8"?>
<!-- Generated by org.testng.reporters.JUnitXMLReporter -->
<testsuite hostname="DESKTOP-SLUED5U" ignored="0" name="Test" tests="6" failures="1" timestamp="26 Mar 2019 16:37:12 GMT" time="25.762" errors="0">
  <testcase name="locateLRO" time="1.878" classname="tests.MainFlow"/>
  <testcase name="propertyByPINSearch" time="11.764" classname="tests.MainFlow">
    <failure type="org.openqa.selenium.TimeoutException" message="Expected condition failed: waiting for element to be clickable: By.xpath: //h2[contains(text(),&amp;apos;Showing 1 to 1 of 1 search results for PIN&amp;apos;)] (tried for 10 second(s) with 500 milliseconds interval)">
      <![CDATA[org.openqa.selenium.TimeoutException: Expected condition failed: waiting for element to be clickable: By.xpath: //h2[contains(text(),'Showing 1 to 1 of 1 search results for PIN')] (tried for 10 second(s) with 500 milliseconds interval)
at org.openqa.selenium.support.ui.WebDriverWait.timeoutException(WebDriverWait.java:113)
at org.openqa.selenium.support.ui.FluentWait.until(FluentWait.java:283)
at pages.PropertyPINPage.getSearchResultsHeader(PropertyPINPage.java:55)
at reusableflows.Property.searchPropertyByPIN(Property.java:42)
at tests.MainFlow.propertyByPINSearch(MainFlow.java:48)
Caused by: org.openqa.selenium.NoSuchElementException: Cannot locate an element using By.xpath: //h2[contains(text(),'Showing 1 to 1 of 1 search results for PIN')]
For documentation on this error, please visit: http://seleniumhq.org/exceptions/no_such_element.html
Build info: version: '3.14.0', revision: 'aacccce0', time: '2018-08-02T20:19:58.91Z'
System info: host: 'DESKTOP-SLUED5U', ip: '192.168.1.108', os.name: 'Windows 10', os.arch: 'amd64', os.version: '10.0', java.version: '1.8.0_201'
Driver info: driver.version: unknown
at org.openqa.selenium.support.ui.ExpectedConditions.lambda$findElement$0(ExpectedConditions.java:896)
at java.util.Optional.orElseThrow(Optional.java:290)
at org.openqa.selenium.support.ui.ExpectedConditions.findElement(ExpectedConditions.java:895)
at org.openqa.selenium.support.ui.ExpectedConditions.access$000(ExpectedConditions.java:44)
at org.openqa.selenium.support.ui.ExpectedConditions$7.apply(ExpectedConditions.java:206)
at org.openqa.selenium.support.ui.ExpectedConditions$7.apply(ExpectedConditions.java:202)
at org.openqa.selenium.support.ui.ExpectedConditions$22.apply(ExpectedConditions.java:657)
at org.openqa.selenium.support.ui.ExpectedConditions$22.apply(ExpectedConditions.java:654)
at org.openqa.selenium.support.ui.FluentWait.until(FluentWait.java:260)
... 28 more
... Removed 25 stack frames]]>
    </failure>
  </testcase> <!-- propertyByPINSearch -->
  <testcase name="propertyOrderStep1" time="0.0" classname="tests.MainFlow">
    <skipped/>
  </testcase> <!-- propertyOrderStep1 -->
  <testcase name="propertyOrderStep2" time="0.0" classname="tests.MainFlow">
    <skipped/>
  </testcase> <!-- propertyOrderStep2 -->
  <testcase name="propertyOrderAddToCart" time="0.0" classname="tests.MainFlow">
    <skipped/>
  </testcase> <!-- propertyOrderAddToCart -->
  <testcase name="YourShoppingCart" time="0.001" classname="tests.MainFlow">
    <skipped/>
  </testcase> <!-- YourShoppingCart -->
</testsuite> <!-- Test -->
