<!DOCTYPE html PUBLIC "-//W3C//DTD XHTML 1.1//EN" "http://www.w3.org/TR/xhtml11/DTD/xhtml11.dtd">
<html xmlns="http://www.w3.org/1999/xhtml">
<head>
<meta http-equiv="content-type" content="text/html; charset=UTF-8"/>
<title>TestNG Report</title>
<style type="text/css">table {margin-bottom:10px;border-collapse:collapse;empty-cells:show}th,td {border:1px solid #009;padding:.25em .5em}th {vertical-align:bottom}td {vertical-align:top}table a {font-weight:bold}.stripe td {background-color: #E6EBF9}.num {text-align:right}.passedodd td {background-color: #3F3}.passedeven td {background-color: #0A0}.skippedodd td {background-color: #DDD}.skippedeven td {background-color: #CCC}.failedodd td,.attn {background-color: #F33}.failedeven td,.stripe .attn {background-color: #D00}.stacktrace {white-space:pre;font-family:monospace}.totop {font-size:85%;text-align:center;border-bottom:2px solid #000}.invisible {display:none}</style>
</head>
<body>
<table>
<tr><th>Test</th><th># Passed</th><th># Skipped</th><th># Failed</th><th>Time (ms)</th><th>Included Groups</th><th>Excluded Groups</th></tr>
<tr><th colspan="7">Suite</th></tr>
<tr><td><a href="#t0">Test</a></td><td class="num">1</td><td class="num attn">4</td><td class="num attn">1</td><td class="num">25,319</td><td></td><td></td></tr>
</table>
<table id='summary'><thead><tr><th>Class</th><th>Method</th><th>Start</th><th>Time (ms)</th></tr></thead><tbody><tr><th colspan="4">Suite</th></tr></tbody><tbody id="t0"><tr><th colspan="4">Test &#8212; failed</th></tr><tr class="failedeven"><td rowspan="1">tests.MainFlow</td><td><a href="#m0">propertyByPINSearch</a></td><td rowspan="1">1553713219453</td><td rowspan="1">11714</td></tr><tr><th colspan="4">Test &#8212; skipped</th></tr><tr class="skippedeven"><td rowspan="4">tests.MainFlow</td><td><a href="#m1">YourShoppingCart</a></td><td rowspan="1">1553713231683</td><td rowspan="1">0</td></tr><tr class="skippedeven"><td><a href="#m2">propertyOrderAddToCart</a></td><td rowspan="1">1553713231683</td><td rowspan="1">0</td></tr><tr class="skippedeven"><td><a href="#m3">propertyOrderStep1</a></td><td rowspan="1">1553713231683</td><td rowspan="1">0</td></tr><tr class="skippedeven"><td><a href="#m4">propertyOrderStep2</a></td><td rowspan="1">1553713231683</td><td rowspan="1">0</td></tr><tr><th colspan="4">Test &#8212; passed</th></tr><tr class="passedeven"><td rowspan="1">tests.MainFlow</td><td><a href="#m5">locateLRO</a></td><td rowspan="1">1553713217520</td><td rowspan="1">1930</td></tr></tbody>
</table>
<h2>Test</h2><h3 id="m0">tests.MainFlow#propertyByPINSearch</h3><table class="result"><tr><th>Exception</th></tr><tr><td><div class="stacktrace">org.openqa.selenium.TimeoutException: Expected condition failed: waiting for element to be clickable: By.xpath: //h2[contains(text(),&apos;Showing 1 to 1 of 1 search results for PIN&apos;)] (tried for 10 second(s) with 500 milliseconds interval)
	at org.openqa.selenium.support.ui.WebDriverWait.timeoutException(WebDriverWait.java:113)
	at org.openqa.selenium.support.ui.FluentWait.until(FluentWait.java:283)
	at pages.PropertyPINPage.getSearchResultsHeader(PropertyPINPage.java:55)
	at reusableflows.Property.searchPropertyByPIN(Property.java:43)
	at tests.MainFlow.propertyByPINSearch(MainFlow.java:52)
Caused by: org.openqa.selenium.NoSuchElementException: Cannot locate an element using By.xpath: //h2[contains(text(),&apos;Showing 1 to 1 of 1 search results for PIN&apos;)]
For documentation on this error, please visit: http://seleniumhq.org/exceptions/no_such_element.html
Build info: version: &apos;3.14.0&apos;, revision: &apos;aacccce0&apos;, time: &apos;2018-08-02T20:19:58.91Z&apos;
System info: host: &apos;DESKTOP-SLUED5U&apos;, ip: &apos;192.168.1.108&apos;, os.name: &apos;Windows 10&apos;, os.arch: &apos;amd64&apos;, os.version: &apos;10.0&apos;, java.version: &apos;1.8.0_201&apos;
Driver info: driver.version: unknown
	at org.openqa.selenium.support.ui.ExpectedConditions.lambda$findElement$0(ExpectedConditions.java:896)
	at java.util.Optional.orElseThrow(Optional.java:290)
	at org.openqa.selenium.support.ui.ExpectedConditions.findElement(ExpectedConditions.java:895)
	at org.openqa.selenium.support.ui.ExpectedConditions.access$000(ExpectedConditions.java:44)
	at org.openqa.selenium.support.ui.ExpectedConditions$7.apply(ExpectedConditions.java:206)
	at org.openqa.selenium.support.ui.ExpectedConditions$7.apply(ExpectedConditions.java:202)
	at org.openqa.selenium.support.ui.ExpectedConditions$22.apply(ExpectedConditions.java:657)
	at org.openqa.selenium.support.ui.ExpectedConditions$22.apply(ExpectedConditions.java:654)
	at org.openqa.selenium.support.ui.FluentWait.until(FluentWait.java:260)
	... 32 more
... Removed 29 stack frames</div></td></tr></table><p class="totop"><a href="#summary">back to summary</a></p>
<h3 id="m1">tests.MainFlow#YourShoppingCart</h3><table class="result"><tr><th>Exception</th></tr><tr><td><div class="stacktrace">java.lang.Throwable: Method MainFlow.YourShoppingCart()[pri:6, instance:tests.MainFlow@44ebcd03] depends on not successfully finished methods
... Removed 22 stack frames</div></td></tr></table><p class="totop"><a href="#summary">back to summary</a></p>
<h3 id="m2">tests.MainFlow#propertyOrderAddToCart</h3><table class="result"><tr><th>Exception</th></tr><tr><td><div class="stacktrace">java.lang.Throwable: Method MainFlow.propertyOrderAddToCart()[pri:5, instance:tests.MainFlow@44ebcd03] depends on not successfully finished methods
... Removed 22 stack frames</div></td></tr></table><p class="totop"><a href="#summary">back to summary</a></p>
<h3 id="m3">tests.MainFlow#propertyOrderStep1</h3><table class="result"><tr><th>Exception</th></tr><tr><td><div class="stacktrace">java.lang.Throwable: Method MainFlow.propertyOrderStep1()[pri:3, instance:tests.MainFlow@44ebcd03] depends on not successfully finished methods
... Removed 22 stack frames</div></td></tr></table><p class="totop"><a href="#summary">back to summary</a></p>
<h3 id="m4">tests.MainFlow#propertyOrderStep2</h3><table class="result"><tr><th>Exception</th></tr><tr><td><div class="stacktrace">java.lang.Throwable: Method MainFlow.propertyOrderStep2()[pri:4, instance:tests.MainFlow@44ebcd03] depends on not successfully finished methods
... Removed 22 stack frames</div></td></tr></table><p class="totop"><a href="#summary">back to summary</a></p>
<h3 id="m5">tests.MainFlow#locateLRO</h3><table class="result"><tr><th class="invisible"/></tr></table><p class="totop"><a href="#summary">back to summary</a></p>
</body>
</html>
